<?xml version="1.0" encoding="UTF-8"?>
<!-- Generated by org.testng.reporters.JUnitReportReporter -->
<testsuite skipped="0" hostname="VioletPC" name="com.AutoUI.Demo" tests="1" failures="0" timestamp="20 十月 2017 03:00:35 GMT" time="0.010" errors="0">
  <testcase name="f" time="0.010" classname="com.AutoUI.Demo"/>
</testsuite> <!-- com.AutoUI.Demo -->
