<?xml version="1.0" encoding="UTF-8"?>
<!-- Generated by org.testng.reporters.JUnitReportReporter -->
<testsuite skipped="0" hostname="VioletPC" name="com.ui.testcases.LoginTest" tests="2" failures="0" timestamp="24 十月 2017 12:46:32 GMT" time="14.442" errors="0">
  <testcase name="f1" time="8.539" classname="com.ui.testcases.LoginTest"/>
  <testcase name="f2" time="5.903" classname="com.ui.testcases.LoginTest"/>
</testsuite> <!-- com.ui.testcases.LoginTest -->
